<?xml version="1.0" encoding="UTF-8"?>
<!-- Generated by org.testng.reporters.JUnitReportReporter -->
<testsuite hostname="DESKTOP-3M04LF7" failures="0" tests="1" name="com.qa.test.PostAPITest" time="1.860" errors="0" timestamp="2020-08-19T10:43:37 IST" skipped="0">
  <testcase classname="com.qa.test.PostAPITest" name="postAPITest" time="1.860"/>
  <system-out/>
</testsuite> <!-- com.qa.test.PostAPITest -->
