<?xml version="1.0" encoding="UTF-8"?>
<!-- Generated by org.testng.reporters.JUnitReportReporter -->
<testsuite hostname="DESKTOP-3M04LF7" failures="0" tests="1" name="com.qa.test.PutAPITest" time="2.831" errors="0" timestamp="2020-08-19T11:46:51 IST" skipped="0">
  <testcase classname="com.qa.test.PutAPITest" name="putAPTTest" time="2.831"/>
  <system-out/>
</testsuite> <!-- com.qa.test.PutAPITest -->
