<?xml version="1.0" encoding="UTF-8"?>
<!-- Generated by org.testng.reporters.JUnitReportReporter -->
<testsuite hostname="DESKTOP-3M04LF7" failures="0" tests="1" name="com.qa.test.GetAPITest" time="1.474" errors="0" timestamp="2020-08-17T14:16:11 IST" skipped="0">
  <testcase classname="com.qa.test.GetAPITest" name="verifyGetAPITest" time="1.474"/>
  <system-out/>
</testsuite> <!-- com.qa.test.GetAPITest -->
