<?xml version="1.0" encoding="UTF-8"?>
<!-- Generated by org.testng.reporters.JUnitReportReporter -->
<testsuite hostname="DESKTOP-3M04LF7" failures="0" tests="1" name="com.qa.test.GetAPITest" time="4.754" errors="0" timestamp="2020-08-18T19:17:33 IST" skipped="0">
  <testcase classname="com.qa.test.GetAPITest" name="verifyJSONArrayvalues" time="4.754"/>
  <system-out/>
</testsuite> <!-- com.qa.test.GetAPITest -->
