<?xml version="1.0" encoding="UTF-8"?>
<!-- Generated by org.testng.reporters.JUnitReportReporter -->
<testsuite hostname="DESKTOP-3M04LF7" failures="0" tests="6" name="com.qa.test.GetAPITest" time="5.111" errors="0" timestamp="2020-08-19T16:12:02 IST" skipped="0">
  <testcase classname="com.qa.test.GetAPITest" name="verifyGetAPIWithoutHeadersTest" time="1.294"/>
  <system-out/>
  <testcase classname="com.qa.test.GetAPITest" name="verifyStatusCodeTest" time="0.615"/>
  <system-out/>
  <testcase classname="com.qa.test.GetAPITest" name="verifyGetJSONResponseData" time="1.351"/>
  <system-out/>
  <testcase classname="com.qa.test.GetAPITest" name="verifySingleValuesJSONResponseTest" time="0.620"/>
  <system-out/>
  <testcase classname="com.qa.test.GetAPITest" name="verifyJSONArrayvalues" time="0.623"/>
  <system-out/>
  <testcase classname="com.qa.test.GetAPITest" name="verifyGetAPITestWithHeaders" time="0.608"/>
  <system-out/>
</testsuite> <!-- com.qa.test.GetAPITest -->
