<?xml version="1.0" encoding="UTF-8"?>
<!-- Generated by org.testng.reporters.JUnitReportReporter -->
<testsuite hostname="DESKTOP-3M04LF7" failures="0" tests="1" name="com.qa.test.DeleteAPITest" time="1.648" errors="0" timestamp="2020-08-19T15:24:34 IST" skipped="0">
  <testcase classname="com.qa.test.DeleteAPITest" name="verifyDeleteAPITest" time="1.648"/>
  <system-out/>
</testsuite> <!-- com.qa.test.DeleteAPITest -->
